{
  "stats": {
    "suites": 1,
    "tests": 2,
    "passes": 2,
    "pending": 0,
    "failures": 0,
    "start": "2025-06-08T19:58:38.240Z",
    "end": "2025-06-08T19:58:42.667Z",
    "duration": 4427,
    "testsRegistered": 2,
    "passPercent": 100,
    "pendingPercent": 0,
    "other": 0,
    "hasOther": false,
    "skipped": 0,
    "hasSkipped": false
  },
  "results": [
    {
      "uuid": "b9abc78a-14cb-4864-b530-59c3c8d19424",
      "title": "",
      "fullFile": "cypress/e2e/resumoMensal.cy.js",
      "file": "cypress/e2e/resumoMensal.cy.js",
      "beforeHooks": [],
      "afterHooks": [],
      "tests": [],
      "suites": [
        {
          "uuid": "d4713a86-c12e-449d-b074-28b208dbb61f",
          "title": "Resumo Mensal",
          "fullFile": "",
          "file": "",
          "beforeHooks": [],
          "afterHooks": [],
          "tests": [
            {
              "title": "Deve acessar o resumo mensal e excluir uma movimentação",
              "fullTitle": "Resumo Mensal Deve acessar o resumo mensal e excluir uma movimentação",
              "timedOut": null,
              "duration": 2456,
              "state": "passed",
              "speed": "fast",
              "pass": true,
              "fail": false,
              "pending": false,
              "context": null,
              "code": "const {\n  mes,\n  ano\n} = (0, _dataUtils.obterMesEAnoAtual)();\ncy.acessarResumoMensal(mes, ano);\ncy.validarSeResumoPossuiMovimentacoes();\ncy.removerPrimeiraMovimentacaoDoResumo();\ncy.validarAlerta('Movimentação removida com sucesso!', 'success');",
              "err": {},
              "uuid": "30ee0c27-543d-4637-a5ab-b8acce3b2d40",
              "parentUUID": "d4713a86-c12e-449d-b074-28b208dbb61f",
              "isHook": false,
              "skipped": false
            },
            {
              "title": "Deve acessar o resumo mensal com mês/ano dinâmico",
              "fullTitle": "Resumo Mensal Deve acessar o resumo mensal com mês/ano dinâmico",
              "timedOut": null,
              "duration": 1955,
              "state": "passed",
              "speed": "fast",
              "pass": true,
              "fail": false,
              "pending": false,
              "context": null,
              "code": "const {\n  mes,\n  ano\n} = (0, _dataUtils.obterMesEAnoAtual)();\ncy.filtrarResumoMensal(mes, ano);\ncy.validarSeResumoPossuiMovimentacoes();",
              "err": {},
              "uuid": "7884d025-7c37-4b7b-8938-436488312609",
              "parentUUID": "d4713a86-c12e-449d-b074-28b208dbb61f",
              "isHook": false,
              "skipped": false
            }
          ],
          "suites": [],
          "passes": [
            "30ee0c27-543d-4637-a5ab-b8acce3b2d40",
            "7884d025-7c37-4b7b-8938-436488312609"
          ],
          "failures": [],
          "pending": [],
          "skipped": [],
          "duration": 4411,
          "root": false,
          "rootEmpty": false,
          "_timeout": 2000
        }
      ],
      "passes": [],
      "failures": [],
      "pending": [],
      "skipped": [],
      "duration": 0,
      "root": true,
      "rootEmpty": true,
      "_timeout": 2000
    }
  ],
  "meta": {
    "mocha": {
      "version": "7.2.0"
    },
    "mochawesome": {
      "options": {
        "quiet": false,
        "reportFilename": "mochawesome",
        "saveHtml": true,
        "saveJson": true,
        "consoleReporter": "spec",
        "useInlineDiffs": false,
        "code": true
      },
      "version": "7.1.3"
    },
    "marge": {
      "options": {
        "reportDir": "cypress/reports",
        "overwrite": false,
        "html": true,
        "json": true
      },
      "version": "6.2.0"
    }
  }
}