{
  "stats": {
    "suites": 1,
    "tests": 1,
    "passes": 1,
    "pending": 0,
    "failures": 0,
    "start": "2025-06-08T19:55:14.815Z",
    "end": "2025-06-08T19:55:19.530Z",
    "duration": 4715,
    "testsRegistered": 1,
    "passPercent": 100,
    "pendingPercent": 0,
    "other": 0,
    "hasOther": false,
    "skipped": 0,
    "hasSkipped": false
  },
  "results": [
    {
      "uuid": "28a4ba3b-5dc7-469c-bb5c-ec32efa7418a",
      "title": "",
      "fullFile": "cypress/e2e/loginFluxo.cy.js",
      "file": "cypress/e2e/loginFluxo.cy.js",
      "beforeHooks": [],
      "afterHooks": [],
      "tests": [],
      "suites": [
        {
          "uuid": "fe75a529-8338-4d49-8ffc-3a14716d7b38",
          "title": "Fluxo completo de Login e cadastro de usuário",
          "fullFile": "",
          "file": "",
          "beforeHooks": [],
          "afterHooks": [],
          "tests": [
            {
              "title": "Deve validar o fluxo completo: cadastro, erro de login e login com sucesso",
              "fullTitle": "Fluxo completo de Login e cadastro de usuário Deve validar o fluxo completo: cadastro, erro de login e login com sucesso",
              "timedOut": null,
              "duration": 4709,
              "state": "passed",
              "speed": "fast",
              "pass": true,
              "fail": false,
              "pending": false,
              "context": null,
              "code": "const usuario = (0, _fakeUser.gerarUsuarioFake)();\n// Login com usuário não cadastrado\ncy.realizarLogin(usuario.email, usuario.senha);\ncy.validarAlerta('Problemas com o login do usuário', 'danger');\n// Cadastro de usuário\ncy.cadastrarUsuario(usuario);\ncy.validarAlerta('Usuário inserido com sucesso', 'success');\n// Login com sucesso\ncy.realizarLogin(usuario.email, usuario.senha);\ncy.validarAlerta(`Bem vindo, ${usuario.nome}!`, 'success');\ncy.realizarLogout();",
              "err": {},
              "uuid": "82a030eb-ec19-4905-9005-adfd30ed41e8",
              "parentUUID": "fe75a529-8338-4d49-8ffc-3a14716d7b38",
              "isHook": false,
              "skipped": false
            }
          ],
          "suites": [],
          "passes": [
            "82a030eb-ec19-4905-9005-adfd30ed41e8"
          ],
          "failures": [],
          "pending": [],
          "skipped": [],
          "duration": 4709,
          "root": false,
          "rootEmpty": false,
          "_timeout": 2000
        }
      ],
      "passes": [],
      "failures": [],
      "pending": [],
      "skipped": [],
      "duration": 0,
      "root": true,
      "rootEmpty": true,
      "_timeout": 2000
    }
  ],
  "meta": {
    "mocha": {
      "version": "7.2.0"
    },
    "mochawesome": {
      "options": {
        "quiet": false,
        "reportFilename": "mochawesome",
        "saveHtml": true,
        "saveJson": true,
        "consoleReporter": "spec",
        "useInlineDiffs": false,
        "code": true
      },
      "version": "7.1.3"
    },
    "marge": {
      "options": {
        "reportDir": "cypress/reports",
        "overwrite": false,
        "html": true,
        "json": true
      },
      "version": "6.2.0"
    }
  }
}