{
  "stats": {
    "suites": 1,
    "tests": 3,
    "passes": 3,
    "pending": 0,
    "failures": 0,
    "start": "2025-06-08T19:53:53.854Z",
    "end": "2025-06-08T19:54:05.833Z",
    "duration": 11979,
    "testsRegistered": 3,
    "passPercent": 100,
    "pendingPercent": 0,
    "other": 0,
    "hasOther": false,
    "skipped": 0,
    "hasSkipped": false
  },
  "results": [
    {
      "uuid": "4e806d0d-71df-4819-a728-77eb7d4c8cff",
      "title": "",
      "fullFile": "cypress/e2e/movimentacoes.cy.js",
      "file": "cypress/e2e/movimentacoes.cy.js",
      "beforeHooks": [],
      "afterHooks": [],
      "tests": [],
      "suites": [
        {
          "uuid": "114df1a8-d463-41f9-a092-b0fef9602122",
          "title": "Gestão de Movimentações",
          "fullFile": "",
          "file": "",
          "beforeHooks": [],
          "afterHooks": [],
          "tests": [
            {
              "title": "Deve criar uma movimentação de Receita e uma de Despesa",
              "fullTitle": "Gestão de Movimentações Deve criar uma movimentação de Receita e uma de Despesa",
              "timedOut": null,
              "duration": 5603,
              "state": "passed",
              "speed": "medium",
              "pass": true,
              "fail": false,
              "pending": false,
              "context": null,
              "code": "const conta = 'Conta - 99999';\n['Receita', 'Despesa'].forEach(tipo => {\n  const movimentacao = (0, _fakeMovimentacao.gerarMovimentacaoValida)(tipo, conta);\n  cy.criarMovimentacao(movimentacao);\n  cy.validarAlerta('Movimentação adicionada com sucesso!', 'success');\n});",
              "err": {},
              "uuid": "b139ab96-ae1f-4287-bdba-5659d31d8532",
              "parentUUID": "114df1a8-d463-41f9-a092-b0fef9602122",
              "isHook": false,
              "skipped": false
            },
            {
              "title": "Não deve permitir criar movimentação com data inválida",
              "fullTitle": "Gestão de Movimentações Não deve permitir criar movimentação com data inválida",
              "timedOut": null,
              "duration": 3291,
              "state": "passed",
              "speed": "fast",
              "pass": true,
              "fail": false,
              "pending": false,
              "context": null,
              "code": "const conta = 'Conta - 99999';\nconst movimentacao = (0, _fakeMovimentacao.gerarMovimentacaoComDataInvalida)(conta);\ncy.criarMovimentacao(movimentacao);\ncy.get('.alert-danger').should('contain', 'Data da Movimentação inválida').and('contain', 'Data do pagamento inválida');",
              "err": {},
              "uuid": "5bd54327-6021-4cfb-b4c1-c84bdcb84228",
              "parentUUID": "114df1a8-d463-41f9-a092-b0fef9602122",
              "isHook": false,
              "skipped": false
            },
            {
              "title": "Não deve permitir criar movimentação sem valor",
              "fullTitle": "Gestão de Movimentações Não deve permitir criar movimentação sem valor",
              "timedOut": null,
              "duration": 3061,
              "state": "passed",
              "speed": "fast",
              "pass": true,
              "fail": false,
              "pending": false,
              "context": null,
              "code": "const conta = 'Conta - 99999';\nconst movimentacao = (0, _fakeMovimentacao.gerarMovimentacaoSemValor)(conta);\ncy.criarMovimentacao(movimentacao);\ncy.get('.alert-danger').should('contain', 'Valor é obrigatório').and('contain', 'Valor deve ser um número');",
              "err": {},
              "uuid": "60b6157f-e65c-426b-83b1-900dfb2bbdcf",
              "parentUUID": "114df1a8-d463-41f9-a092-b0fef9602122",
              "isHook": false,
              "skipped": false
            }
          ],
          "suites": [],
          "passes": [
            "b139ab96-ae1f-4287-bdba-5659d31d8532",
            "5bd54327-6021-4cfb-b4c1-c84bdcb84228",
            "60b6157f-e65c-426b-83b1-900dfb2bbdcf"
          ],
          "failures": [],
          "pending": [],
          "skipped": [],
          "duration": 11955,
          "root": false,
          "rootEmpty": false,
          "_timeout": 2000
        }
      ],
      "passes": [],
      "failures": [],
      "pending": [],
      "skipped": [],
      "duration": 0,
      "root": true,
      "rootEmpty": true,
      "_timeout": 2000
    }
  ],
  "meta": {
    "mocha": {
      "version": "7.2.0"
    },
    "mochawesome": {
      "options": {
        "quiet": false,
        "reportFilename": "mochawesome",
        "saveHtml": true,
        "saveJson": true,
        "consoleReporter": "spec",
        "useInlineDiffs": false,
        "code": true
      },
      "version": "7.1.3"
    },
    "marge": {
      "options": {
        "reportDir": "cypress/reports",
        "overwrite": false,
        "html": true,
        "json": true
      },
      "version": "6.2.0"
    }
  }
}