{
  "stats": {
    "suites": 1,
    "tests": 4,
    "passes": 4,
    "pending": 0,
    "failures": 0,
    "start": "2025-06-08T19:54:15.042Z",
    "end": "2025-06-08T19:54:21.997Z",
    "duration": 6955,
    "testsRegistered": 4,
    "passPercent": 100,
    "pendingPercent": 0,
    "other": 0,
    "hasOther": false,
    "skipped": 0,
    "hasSkipped": false
  },
  "results": [
    {
      "uuid": "5f56b7bc-a9f2-4f54-8c16-87c73c3de0b2",
      "title": "",
      "fullFile": "cypress/e2e/usuario.cy.js",
      "file": "cypress/e2e/usuario.cy.js",
      "beforeHooks": [],
      "afterHooks": [],
      "tests": [],
      "suites": [
        {
          "uuid": "76ed990f-3bb6-4ad7-8d7d-e818568ba0a5",
          "title": "Cadastro de Usuários",
          "fullFile": "",
          "file": "",
          "beforeHooks": [],
          "afterHooks": [],
          "tests": [
            {
              "title": "Deve cadastrar um usuário com sucesso",
              "fullTitle": "Cadastro de Usuários Deve cadastrar um usuário com sucesso",
              "timedOut": null,
              "duration": 2160,
              "state": "passed",
              "speed": "fast",
              "pass": true,
              "fail": false,
              "pending": false,
              "context": null,
              "code": "const usuario = (0, _fakeUser.gerarUsuarioFake)();\ncy.cadastrarUsuario(usuario);\ncy.validarAlerta('Usuário inserido com sucesso', 'success');",
              "err": {},
              "uuid": "73191495-cbfc-44d3-815a-dde3fd4208c1",
              "parentUUID": "76ed990f-3bb6-4ad7-8d7d-e818568ba0a5",
              "isHook": false,
              "skipped": false
            },
            {
              "title": "Não deve cadastrar um usuário sem o campo nome",
              "fullTitle": "Cadastro de Usuários Não deve cadastrar um usuário sem o campo nome",
              "timedOut": null,
              "duration": 1503,
              "state": "passed",
              "speed": "fast",
              "pass": true,
              "fail": false,
              "pending": false,
              "context": null,
              "code": "const usuario = (0, _fakeUser.gerarUsuarioFake)({\n  nome: ''\n});\ncy.cadastrarUsuario(usuario);\ncy.validarAlerta('Nome é um campo obrigatório', 'danger');",
              "err": {},
              "uuid": "0b73a3e6-6479-45e7-8fcf-cfbbc1fb6592",
              "parentUUID": "76ed990f-3bb6-4ad7-8d7d-e818568ba0a5",
              "isHook": false,
              "skipped": false
            },
            {
              "title": "Nao deve cadastrar um usuário sem o campo email",
              "fullTitle": "Cadastro de Usuários Nao deve cadastrar um usuário sem o campo email",
              "timedOut": null,
              "duration": 1919,
              "state": "passed",
              "speed": "fast",
              "pass": true,
              "fail": false,
              "pending": false,
              "context": null,
              "code": "const usuario = (0, _fakeUser.gerarUsuarioFake)({\n  email: ''\n});\ncy.cadastrarUsuario(usuario);\ncy.validarAlerta('Email é um campo obrigatório', 'danger');",
              "err": {},
              "uuid": "955707e0-8609-47ea-8afd-ef995e1b3f1f",
              "parentUUID": "76ed990f-3bb6-4ad7-8d7d-e818568ba0a5",
              "isHook": false,
              "skipped": false
            },
            {
              "title": "Nao deve cadastrar um usuário sem o campo senha",
              "fullTitle": "Cadastro de Usuários Nao deve cadastrar um usuário sem o campo senha",
              "timedOut": null,
              "duration": 1338,
              "state": "passed",
              "speed": "fast",
              "pass": true,
              "fail": false,
              "pending": false,
              "context": null,
              "code": "const usuario = (0, _fakeUser.gerarUsuarioFake)({\n  senha: ''\n});\ncy.cadastrarUsuario(usuario);\ncy.validarAlerta('Senha é um campo obrigatório', 'danger');",
              "err": {},
              "uuid": "c70c633e-0b35-4daa-b2c3-e4b8ed0c00ac",
              "parentUUID": "76ed990f-3bb6-4ad7-8d7d-e818568ba0a5",
              "isHook": false,
              "skipped": false
            }
          ],
          "suites": [],
          "passes": [
            "73191495-cbfc-44d3-815a-dde3fd4208c1",
            "0b73a3e6-6479-45e7-8fcf-cfbbc1fb6592",
            "955707e0-8609-47ea-8afd-ef995e1b3f1f",
            "c70c633e-0b35-4daa-b2c3-e4b8ed0c00ac"
          ],
          "failures": [],
          "pending": [],
          "skipped": [],
          "duration": 6920,
          "root": false,
          "rootEmpty": false,
          "_timeout": 2000
        }
      ],
      "passes": [],
      "failures": [],
      "pending": [],
      "skipped": [],
      "duration": 0,
      "root": true,
      "rootEmpty": true,
      "_timeout": 2000
    }
  ],
  "meta": {
    "mocha": {
      "version": "7.2.0"
    },
    "mochawesome": {
      "options": {
        "quiet": false,
        "reportFilename": "mochawesome",
        "saveHtml": true,
        "saveJson": true,
        "consoleReporter": "spec",
        "useInlineDiffs": false,
        "code": true
      },
      "version": "7.1.3"
    },
    "marge": {
      "options": {
        "reportDir": "cypress/reports",
        "overwrite": false,
        "html": true,
        "json": true
      },
      "version": "6.2.0"
    }
  }
}