{
  "stats": {
    "suites": 1,
    "tests": 2,
    "passes": 2,
    "pending": 0,
    "failures": 0,
    "start": "2025-06-08T19:58:10.346Z",
    "end": "2025-06-08T19:58:13.079Z",
    "duration": 2733,
    "testsRegistered": 2,
    "passPercent": 100,
    "pendingPercent": 0,
    "other": 0,
    "hasOther": false,
    "skipped": 0,
    "hasSkipped": false
  },
  "results": [
    {
      "uuid": "14e119fe-5f52-4cc3-8d04-2fcdee19e9d4",
      "title": "",
      "fullFile": "cypress/e2e/login.cy.js",
      "file": "cypress/e2e/login.cy.js",
      "beforeHooks": [],
      "afterHooks": [],
      "tests": [],
      "suites": [
        {
          "uuid": "36f92d8b-285e-4eb6-a33c-353d2e62f82a",
          "title": "Login - Seu Barriga",
          "fullFile": "",
          "file": "",
          "beforeHooks": [],
          "afterHooks": [],
          "tests": [
            {
              "title": "Deve realizar login com sucesso",
              "fullTitle": "Login - Seu Barriga Deve realizar login com sucesso",
              "timedOut": null,
              "duration": 1709,
              "state": "passed",
              "speed": "fast",
              "pass": true,
              "fail": false,
              "pending": false,
              "context": null,
              "code": "cy.realizarLogin(Cypress.env('EMAIL'), Cypress.env('PASSWORD'));\ncy.validarAlerta(`Bem vindo, ${Cypress.env('NOME')}!`, 'success');\ncy.realizarLogout();",
              "err": {},
              "uuid": "7bb3b347-8e14-4704-a3b3-d21f3ce92378",
              "parentUUID": "36f92d8b-285e-4eb6-a33c-353d2e62f82a",
              "isHook": false,
              "skipped": false
            },
            {
              "title": "Não Deve realizar login com sucesso",
              "fullTitle": "Login - Seu Barriga Não Deve realizar login com sucesso",
              "timedOut": null,
              "duration": 1008,
              "state": "passed",
              "speed": "fast",
              "pass": true,
              "fail": false,
              "pending": false,
              "context": null,
              "code": "const emailFaker = _faker.faker.internet.email();\nconst senhaFaker = _faker.faker.internet.password();\ncy.realizarLogin(emailFaker, senhaFaker);\ncy.validarAlerta('Problemas com o login do usuário', 'danger');",
              "err": {},
              "uuid": "a038aa9b-29bc-497e-b9a0-57803ac0f1df",
              "parentUUID": "36f92d8b-285e-4eb6-a33c-353d2e62f82a",
              "isHook": false,
              "skipped": false
            }
          ],
          "suites": [],
          "passes": [
            "7bb3b347-8e14-4704-a3b3-d21f3ce92378",
            "a038aa9b-29bc-497e-b9a0-57803ac0f1df"
          ],
          "failures": [],
          "pending": [],
          "skipped": [],
          "duration": 2717,
          "root": false,
          "rootEmpty": false,
          "_timeout": 2000
        }
      ],
      "passes": [],
      "failures": [],
      "pending": [],
      "skipped": [],
      "duration": 0,
      "root": true,
      "rootEmpty": true,
      "_timeout": 2000
    }
  ],
  "meta": {
    "mocha": {
      "version": "7.2.0"
    },
    "mochawesome": {
      "options": {
        "quiet": false,
        "reportFilename": "mochawesome",
        "saveHtml": true,
        "saveJson": true,
        "consoleReporter": "spec",
        "useInlineDiffs": false,
        "code": true
      },
      "version": "7.1.3"
    },
    "marge": {
      "options": {
        "reportDir": "cypress/reports",
        "overwrite": false,
        "html": true,
        "json": true
      },
      "version": "6.2.0"
    }
  }
}