{
  "stats": {
    "suites": 1,
    "tests": 3,
    "passes": 3,
    "pending": 0,
    "failures": 0,
    "start": "2025-06-08T19:58:24.546Z",
    "end": "2025-06-08T19:58:36.167Z",
    "duration": 11621,
    "testsRegistered": 3,
    "passPercent": 100,
    "pendingPercent": 0,
    "other": 0,
    "hasOther": false,
    "skipped": 0,
    "hasSkipped": false
  },
  "results": [
    {
      "uuid": "daee6aa0-3387-4e05-9235-311ee45d58ac",
      "title": "",
      "fullFile": "cypress/e2e/movimentacoes.cy.js",
      "file": "cypress/e2e/movimentacoes.cy.js",
      "beforeHooks": [],
      "afterHooks": [],
      "tests": [],
      "suites": [
        {
          "uuid": "22f17dd9-b54b-40e0-bba7-1c47ec05afc4",
          "title": "Gestão de Movimentações",
          "fullFile": "",
          "file": "",
          "beforeHooks": [],
          "afterHooks": [],
          "tests": [
            {
              "title": "Deve criar uma movimentação de Receita e uma de Despesa",
              "fullTitle": "Gestão de Movimentações Deve criar uma movimentação de Receita e uma de Despesa",
              "timedOut": null,
              "duration": 5352,
              "state": "passed",
              "speed": "medium",
              "pass": true,
              "fail": false,
              "pending": false,
              "context": null,
              "code": "const conta = 'Conta - 99999';\n['Receita', 'Despesa'].forEach(tipo => {\n  const movimentacao = (0, _fakeMovimentacao.gerarMovimentacaoValida)(tipo, conta);\n  cy.criarMovimentacao(movimentacao);\n  cy.validarAlerta('Movimentação adicionada com sucesso!', 'success');\n});",
              "err": {},
              "uuid": "e6ac9903-59cf-4dab-ac56-8ca41e082e10",
              "parentUUID": "22f17dd9-b54b-40e0-bba7-1c47ec05afc4",
              "isHook": false,
              "skipped": false
            },
            {
              "title": "Não deve permitir criar movimentação com data inválida",
              "fullTitle": "Gestão de Movimentações Não deve permitir criar movimentação com data inválida",
              "timedOut": null,
              "duration": 3231,
              "state": "passed",
              "speed": "fast",
              "pass": true,
              "fail": false,
              "pending": false,
              "context": null,
              "code": "const conta = 'Conta - 99999';\nconst movimentacao = (0, _fakeMovimentacao.gerarMovimentacaoComDataInvalida)(conta);\ncy.criarMovimentacao(movimentacao);\ncy.get('.alert-danger').should('contain', 'Data da Movimentação inválida').and('contain', 'Data do pagamento inválida');",
              "err": {},
              "uuid": "dcdc7963-f237-4f6c-a88f-fcb5edcf4170",
              "parentUUID": "22f17dd9-b54b-40e0-bba7-1c47ec05afc4",
              "isHook": false,
              "skipped": false
            },
            {
              "title": "Não deve permitir criar movimentação sem valor",
              "fullTitle": "Gestão de Movimentações Não deve permitir criar movimentação sem valor",
              "timedOut": null,
              "duration": 3005,
              "state": "passed",
              "speed": "fast",
              "pass": true,
              "fail": false,
              "pending": false,
              "context": null,
              "code": "const conta = 'Conta - 99999';\nconst movimentacao = (0, _fakeMovimentacao.gerarMovimentacaoSemValor)(conta);\ncy.criarMovimentacao(movimentacao);\ncy.get('.alert-danger').should('contain', 'Valor é obrigatório').and('contain', 'Valor deve ser um número');",
              "err": {},
              "uuid": "30ec79aa-958e-44ec-b46d-e82eb69893c4",
              "parentUUID": "22f17dd9-b54b-40e0-bba7-1c47ec05afc4",
              "isHook": false,
              "skipped": false
            }
          ],
          "suites": [],
          "passes": [
            "e6ac9903-59cf-4dab-ac56-8ca41e082e10",
            "dcdc7963-f237-4f6c-a88f-fcb5edcf4170",
            "30ec79aa-958e-44ec-b46d-e82eb69893c4"
          ],
          "failures": [],
          "pending": [],
          "skipped": [],
          "duration": 11588,
          "root": false,
          "rootEmpty": false,
          "_timeout": 2000
        }
      ],
      "passes": [],
      "failures": [],
      "pending": [],
      "skipped": [],
      "duration": 0,
      "root": true,
      "rootEmpty": true,
      "_timeout": 2000
    }
  ],
  "meta": {
    "mocha": {
      "version": "7.2.0"
    },
    "mochawesome": {
      "options": {
        "quiet": false,
        "reportFilename": "mochawesome",
        "saveHtml": true,
        "saveJson": true,
        "consoleReporter": "spec",
        "useInlineDiffs": false,
        "code": true
      },
      "version": "7.1.3"
    },
    "marge": {
      "options": {
        "reportDir": "cypress/reports",
        "overwrite": false,
        "html": true,
        "json": true
      },
      "version": "6.2.0"
    }
  }
}