{
  "stats": {
    "suites": 1,
    "tests": 4,
    "passes": 4,
    "pending": 0,
    "failures": 0,
    "start": "2025-06-08T19:53:24.708Z",
    "end": "2025-06-08T19:53:36.774Z",
    "duration": 12066,
    "testsRegistered": 4,
    "passPercent": 100,
    "pendingPercent": 0,
    "other": 0,
    "hasOther": false,
    "skipped": 0,
    "hasSkipped": false
  },
  "results": [
    {
      "uuid": "19ea5fd1-97e9-4745-9623-c25ee2bfcff5",
      "title": "",
      "fullFile": "cypress/e2e/contas.cy.js",
      "file": "cypress/e2e/contas.cy.js",
      "beforeHooks": [],
      "afterHooks": [],
      "tests": [],
      "suites": [
        {
          "uuid": "d28c8b9d-34ea-4306-b345-f025188e1306",
          "title": "Gestão de Contas",
          "fullFile": "",
          "file": "",
          "beforeHooks": [],
          "afterHooks": [],
          "tests": [
            {
              "title": "Deve cadastrar duas contas com sucesso",
              "fullTitle": "Gestão de Contas Deve cadastrar duas contas com sucesso",
              "timedOut": null,
              "duration": 4076,
              "state": "passed",
              "speed": "fast",
              "pass": true,
              "fail": false,
              "pending": false,
              "context": null,
              "code": "contas.forEach(nomeConta => {\n  cy.acessarMenuConta();\n  cy.adicionarConta();\n  cy.cadastrarConta(nomeConta);\n  cy.validarAlerta('Conta adicionada com sucesso!', 'success');\n});",
              "err": {},
              "uuid": "6d8ec0c4-9d8e-4d45-a66d-a245c13b67f1",
              "parentUUID": "d28c8b9d-34ea-4306-b345-f025188e1306",
              "isHook": false,
              "skipped": false
            },
            {
              "title": "Deve editar a primeira conta",
              "fullTitle": "Gestão de Contas Deve editar a primeira conta",
              "timedOut": null,
              "duration": 3247,
              "state": "passed",
              "speed": "fast",
              "pass": true,
              "fail": false,
              "pending": false,
              "context": null,
              "code": "const nomeOriginal = contas[0];\ncy.acessarMenuConta();\ncy.adicionarConta();\ncy.cadastrarConta(nomeOriginal);\ncy.acessarMenuConta();\ncy.listarConta();\ncy.editarConta(nomeOriginal);\ncy.cadastrarConta(contaAtualizada);\ncy.validarAlerta('Conta alterada com sucesso!', 'success');",
              "err": {},
              "uuid": "a28ef92d-3d07-4d9a-b6cb-08f92dd71a7b",
              "parentUUID": "d28c8b9d-34ea-4306-b345-f025188e1306",
              "isHook": false,
              "skipped": false
            },
            {
              "title": "Não deve criar uma conta com nome já existente",
              "fullTitle": "Gestão de Contas Não deve criar uma conta com nome já existente",
              "timedOut": null,
              "duration": 2885,
              "state": "passed",
              "speed": "fast",
              "pass": true,
              "fail": false,
              "pending": false,
              "context": null,
              "code": "const nomeDuplicado = contasFixas.original;\ncy.acessarMenuConta();\ncy.adicionarConta();\ncy.cadastrarConta(nomeDuplicado);\ncy.acessarMenuConta();\ncy.adicionarConta();\ncy.cadastrarConta(nomeDuplicado);\ncy.validarAlerta('Já existe uma conta com esse nome!', 'danger');",
              "err": {},
              "uuid": "94c60402-f869-4f52-b287-93e960bc529c",
              "parentUUID": "d28c8b9d-34ea-4306-b345-f025188e1306",
              "isHook": false,
              "skipped": false
            },
            {
              "title": "Não deve remover conta com movimentações vinculadas",
              "fullTitle": "Gestão de Contas Não deve remover conta com movimentações vinculadas",
              "timedOut": null,
              "duration": 1819,
              "state": "passed",
              "speed": "fast",
              "pass": true,
              "fail": false,
              "pending": false,
              "context": null,
              "code": "cy.acessarMenuConta();\ncy.listarConta();\ncy.removerConta(contasFixas.comMovimentacao);\ncy.validarAlerta('Conta em uso na movimentações', 'danger');",
              "err": {},
              "uuid": "0a44aa4b-46ee-4de0-a92f-bbd1fa790723",
              "parentUUID": "d28c8b9d-34ea-4306-b345-f025188e1306",
              "isHook": false,
              "skipped": false
            }
          ],
          "suites": [],
          "passes": [
            "6d8ec0c4-9d8e-4d45-a66d-a245c13b67f1",
            "a28ef92d-3d07-4d9a-b6cb-08f92dd71a7b",
            "94c60402-f869-4f52-b287-93e960bc529c",
            "0a44aa4b-46ee-4de0-a92f-bbd1fa790723"
          ],
          "failures": [],
          "pending": [],
          "skipped": [],
          "duration": 12027,
          "root": false,
          "rootEmpty": false,
          "_timeout": 2000
        }
      ],
      "passes": [],
      "failures": [],
      "pending": [],
      "skipped": [],
      "duration": 0,
      "root": true,
      "rootEmpty": true,
      "_timeout": 2000
    }
  ],
  "meta": {
    "mocha": {
      "version": "7.2.0"
    },
    "mochawesome": {
      "options": {
        "quiet": false,
        "reportFilename": "mochawesome",
        "saveHtml": true,
        "saveJson": true,
        "consoleReporter": "spec",
        "useInlineDiffs": false,
        "code": true
      },
      "version": "7.1.3"
    },
    "marge": {
      "options": {
        "reportDir": "cypress/reports",
        "overwrite": false,
        "html": true,
        "json": true
      },
      "version": "6.2.0"
    }
  }
}