{
  "stats": {
    "suites": 1,
    "tests": 2,
    "passes": 2,
    "pending": 0,
    "failures": 0,
    "start": "2025-06-08T20:07:23.789Z",
    "end": "2025-06-08T20:07:28.314Z",
    "duration": 4525,
    "testsRegistered": 2,
    "passPercent": 100,
    "pendingPercent": 0,
    "other": 0,
    "hasOther": false,
    "skipped": 0,
    "hasSkipped": false
  },
  "results": [
    {
      "uuid": "51268fd0-5c84-4bf9-8acd-2fb0f9f35271",
      "title": "",
      "fullFile": "cypress/e2e/resumoMensal.cy.js",
      "file": "cypress/e2e/resumoMensal.cy.js",
      "beforeHooks": [],
      "afterHooks": [],
      "tests": [],
      "suites": [
        {
          "uuid": "2c6f9f22-3f41-4b7a-ba54-14afb5d52d08",
          "title": "Resumo Mensal",
          "fullFile": "",
          "file": "",
          "beforeHooks": [],
          "afterHooks": [],
          "tests": [
            {
              "title": "Deve acessar o resumo mensal e excluir uma movimentação",
              "fullTitle": "Resumo Mensal Deve acessar o resumo mensal e excluir uma movimentação",
              "timedOut": null,
              "duration": 2413,
              "state": "passed",
              "speed": "fast",
              "pass": true,
              "fail": false,
              "pending": false,
              "context": null,
              "code": "const {\n  mes,\n  ano\n} = (0, _dataUtils.obterMesEAnoAtual)();\ncy.acessarResumoMensal(mes, ano);\ncy.validarSeResumoPossuiMovimentacoes();\ncy.removerPrimeiraMovimentacaoDoResumo();\ncy.validarAlerta('Movimentação removida com sucesso!', 'success');",
              "err": {},
              "uuid": "e28b91cf-c90a-45cd-ad83-7360f32e0f3b",
              "parentUUID": "2c6f9f22-3f41-4b7a-ba54-14afb5d52d08",
              "isHook": false,
              "skipped": false
            },
            {
              "title": "Deve acessar o resumo mensal com mês/ano dinâmico",
              "fullTitle": "Resumo Mensal Deve acessar o resumo mensal com mês/ano dinâmico",
              "timedOut": null,
              "duration": 2098,
              "state": "passed",
              "speed": "fast",
              "pass": true,
              "fail": false,
              "pending": false,
              "context": null,
              "code": "const {\n  mes,\n  ano\n} = (0, _dataUtils.obterMesEAnoAtual)();\ncy.filtrarResumoMensal(mes, ano);\ncy.validarSeResumoPossuiMovimentacoes();",
              "err": {},
              "uuid": "623d5852-b8bb-40d3-8e30-3f3b0ce5b920",
              "parentUUID": "2c6f9f22-3f41-4b7a-ba54-14afb5d52d08",
              "isHook": false,
              "skipped": false
            }
          ],
          "suites": [],
          "passes": [
            "e28b91cf-c90a-45cd-ad83-7360f32e0f3b",
            "623d5852-b8bb-40d3-8e30-3f3b0ce5b920"
          ],
          "failures": [],
          "pending": [],
          "skipped": [],
          "duration": 4511,
          "root": false,
          "rootEmpty": false,
          "_timeout": 2000
        }
      ],
      "passes": [],
      "failures": [],
      "pending": [],
      "skipped": [],
      "duration": 0,
      "root": true,
      "rootEmpty": true,
      "_timeout": 2000
    }
  ],
  "meta": {
    "mocha": {
      "version": "7.2.0"
    },
    "mochawesome": {
      "options": {
        "quiet": false,
        "reportFilename": "mochawesome",
        "saveHtml": true,
        "saveJson": true,
        "consoleReporter": "spec",
        "useInlineDiffs": false,
        "code": true
      },
      "version": "7.1.3"
    },
    "marge": {
      "options": {
        "reportDir": "cypress/reports",
        "overwrite": false,
        "html": true,
        "json": true
      },
      "version": "6.2.0"
    }
  }
}