{
  "stats": {
    "suites": 1,
    "tests": 2,
    "passes": 2,
    "pending": 0,
    "failures": 0,
    "start": "2025-06-08T19:54:07.686Z",
    "end": "2025-06-08T19:54:12.147Z",
    "duration": 4461,
    "testsRegistered": 2,
    "passPercent": 100,
    "pendingPercent": 0,
    "other": 0,
    "hasOther": false,
    "skipped": 0,
    "hasSkipped": false
  },
  "results": [
    {
      "uuid": "b335b1cb-71c5-4e3b-9ed8-23d189bd49c1",
      "title": "",
      "fullFile": "cypress/e2e/resumoMensal.cy.js",
      "file": "cypress/e2e/resumoMensal.cy.js",
      "beforeHooks": [],
      "afterHooks": [],
      "tests": [],
      "suites": [
        {
          "uuid": "7fe1115a-7c3d-4f82-bc26-0896d6f8da48",
          "title": "Resumo Mensal",
          "fullFile": "",
          "file": "",
          "beforeHooks": [],
          "afterHooks": [],
          "tests": [
            {
              "title": "Deve acessar o resumo mensal e excluir uma movimentação",
              "fullTitle": "Resumo Mensal Deve acessar o resumo mensal e excluir uma movimentação",
              "timedOut": null,
              "duration": 2476,
              "state": "passed",
              "speed": "fast",
              "pass": true,
              "fail": false,
              "pending": false,
              "context": null,
              "code": "const {\n  mes,\n  ano\n} = (0, _dataUtils.obterMesEAnoAtual)();\ncy.acessarResumoMensal(mes, ano);\ncy.validarSeResumoPossuiMovimentacoes();\ncy.removerPrimeiraMovimentacaoDoResumo();\ncy.validarAlerta('Movimentação removida com sucesso!', 'success');",
              "err": {},
              "uuid": "8a236ac9-f819-4ef1-85fc-de892e753b21",
              "parentUUID": "7fe1115a-7c3d-4f82-bc26-0896d6f8da48",
              "isHook": false,
              "skipped": false
            },
            {
              "title": "Deve acessar o resumo mensal com mês/ano dinâmico",
              "fullTitle": "Resumo Mensal Deve acessar o resumo mensal com mês/ano dinâmico",
              "timedOut": null,
              "duration": 1964,
              "state": "passed",
              "speed": "fast",
              "pass": true,
              "fail": false,
              "pending": false,
              "context": null,
              "code": "const {\n  mes,\n  ano\n} = (0, _dataUtils.obterMesEAnoAtual)();\ncy.filtrarResumoMensal(mes, ano);\ncy.validarSeResumoPossuiMovimentacoes();",
              "err": {},
              "uuid": "05c718b2-4bed-4601-bbf4-74e483310b49",
              "parentUUID": "7fe1115a-7c3d-4f82-bc26-0896d6f8da48",
              "isHook": false,
              "skipped": false
            }
          ],
          "suites": [],
          "passes": [
            "8a236ac9-f819-4ef1-85fc-de892e753b21",
            "05c718b2-4bed-4601-bbf4-74e483310b49"
          ],
          "failures": [],
          "pending": [],
          "skipped": [],
          "duration": 4440,
          "root": false,
          "rootEmpty": false,
          "_timeout": 2000
        }
      ],
      "passes": [],
      "failures": [],
      "pending": [],
      "skipped": [],
      "duration": 0,
      "root": true,
      "rootEmpty": true,
      "_timeout": 2000
    }
  ],
  "meta": {
    "mocha": {
      "version": "7.2.0"
    },
    "mochawesome": {
      "options": {
        "quiet": false,
        "reportFilename": "mochawesome",
        "saveHtml": true,
        "saveJson": true,
        "consoleReporter": "spec",
        "useInlineDiffs": false,
        "code": true
      },
      "version": "7.1.3"
    },
    "marge": {
      "options": {
        "reportDir": "cypress/reports",
        "overwrite": false,
        "html": true,
        "json": true
      },
      "version": "6.2.0"
    }
  }
}