{
  "stats": {
    "suites": 1,
    "tests": 3,
    "passes": 3,
    "pending": 0,
    "failures": 0,
    "start": "2025-06-08T20:07:10.009Z",
    "end": "2025-06-08T20:07:22.064Z",
    "duration": 12055,
    "testsRegistered": 3,
    "passPercent": 100,
    "pendingPercent": 0,
    "other": 0,
    "hasOther": false,
    "skipped": 0,
    "hasSkipped": false
  },
  "results": [
    {
      "uuid": "07db57df-4022-447f-a0a4-af6a3126a47c",
      "title": "",
      "fullFile": "cypress/e2e/movimentacoes.cy.js",
      "file": "cypress/e2e/movimentacoes.cy.js",
      "beforeHooks": [],
      "afterHooks": [],
      "tests": [],
      "suites": [
        {
          "uuid": "a20a24c1-a411-4fdd-b7c0-be86902a2dee",
          "title": "Gestão de Movimentações",
          "fullFile": "",
          "file": "",
          "beforeHooks": [],
          "afterHooks": [],
          "tests": [
            {
              "title": "Deve criar uma movimentação de Receita e uma de Despesa",
              "fullTitle": "Gestão de Movimentações Deve criar uma movimentação de Receita e uma de Despesa",
              "timedOut": null,
              "duration": 5620,
              "state": "passed",
              "speed": "medium",
              "pass": true,
              "fail": false,
              "pending": false,
              "context": null,
              "code": "const conta = 'Conta - 99999';\n['Receita', 'Despesa'].forEach(tipo => {\n  const movimentacao = (0, _fakeMovimentacao.gerarMovimentacaoValida)(tipo, conta);\n  cy.criarMovimentacao(movimentacao);\n  cy.validarAlerta('Movimentação adicionada com sucesso!', 'success');\n});",
              "err": {},
              "uuid": "cfb04b36-f1be-45da-8726-784cd53f1f8a",
              "parentUUID": "a20a24c1-a411-4fdd-b7c0-be86902a2dee",
              "isHook": false,
              "skipped": false
            },
            {
              "title": "Não deve permitir criar movimentação com data inválida",
              "fullTitle": "Gestão de Movimentações Não deve permitir criar movimentação com data inválida",
              "timedOut": null,
              "duration": 3239,
              "state": "passed",
              "speed": "fast",
              "pass": true,
              "fail": false,
              "pending": false,
              "context": null,
              "code": "const conta = 'Conta - 99999';\nconst movimentacao = (0, _fakeMovimentacao.gerarMovimentacaoComDataInvalida)(conta);\ncy.criarMovimentacao(movimentacao);\ncy.get('.alert-danger').should('contain', 'Data da Movimentação inválida').and('contain', 'Data do pagamento inválida');",
              "err": {},
              "uuid": "d01ce04c-3069-42eb-96d6-354827f9bc4e",
              "parentUUID": "a20a24c1-a411-4fdd-b7c0-be86902a2dee",
              "isHook": false,
              "skipped": false
            },
            {
              "title": "Não deve permitir criar movimentação sem valor",
              "fullTitle": "Gestão de Movimentações Não deve permitir criar movimentação sem valor",
              "timedOut": null,
              "duration": 3167,
              "state": "passed",
              "speed": "fast",
              "pass": true,
              "fail": false,
              "pending": false,
              "context": null,
              "code": "const conta = 'Conta - 99999';\nconst movimentacao = (0, _fakeMovimentacao.gerarMovimentacaoSemValor)(conta);\ncy.criarMovimentacao(movimentacao);\ncy.get('.alert-danger').should('contain', 'Valor é obrigatório').and('contain', 'Valor deve ser um número');",
              "err": {},
              "uuid": "af03c934-93db-4777-8b83-c03fa47cd1e0",
              "parentUUID": "a20a24c1-a411-4fdd-b7c0-be86902a2dee",
              "isHook": false,
              "skipped": false
            }
          ],
          "suites": [],
          "passes": [
            "cfb04b36-f1be-45da-8726-784cd53f1f8a",
            "d01ce04c-3069-42eb-96d6-354827f9bc4e",
            "af03c934-93db-4777-8b83-c03fa47cd1e0"
          ],
          "failures": [],
          "pending": [],
          "skipped": [],
          "duration": 12026,
          "root": false,
          "rootEmpty": false,
          "_timeout": 2000
        }
      ],
      "passes": [],
      "failures": [],
      "pending": [],
      "skipped": [],
      "duration": 0,
      "root": true,
      "rootEmpty": true,
      "_timeout": 2000
    }
  ],
  "meta": {
    "mocha": {
      "version": "7.2.0"
    },
    "mochawesome": {
      "options": {
        "quiet": false,
        "reportFilename": "mochawesome",
        "saveHtml": true,
        "saveJson": true,
        "consoleReporter": "spec",
        "useInlineDiffs": false,
        "code": true
      },
      "version": "7.1.3"
    },
    "marge": {
      "options": {
        "reportDir": "cypress/reports",
        "overwrite": false,
        "html": true,
        "json": true
      },
      "version": "6.2.0"
    }
  }
}