{
  "stats": {
    "suites": 1,
    "tests": 2,
    "passes": 2,
    "pending": 0,
    "failures": 0,
    "start": "2025-06-08T19:55:36.465Z",
    "end": "2025-06-08T19:55:41.037Z",
    "duration": 4572,
    "testsRegistered": 2,
    "passPercent": 100,
    "pendingPercent": 0,
    "other": 0,
    "hasOther": false,
    "skipped": 0,
    "hasSkipped": false
  },
  "results": [
    {
      "uuid": "f70d27c8-db13-4914-9a0b-4819f7ccaeec",
      "title": "",
      "fullFile": "cypress/e2e/resumoMensal.cy.js",
      "file": "cypress/e2e/resumoMensal.cy.js",
      "beforeHooks": [],
      "afterHooks": [],
      "tests": [],
      "suites": [
        {
          "uuid": "9a985526-2eca-4279-aafd-7e9a43f4e5ca",
          "title": "Resumo Mensal",
          "fullFile": "",
          "file": "",
          "beforeHooks": [],
          "afterHooks": [],
          "tests": [
            {
              "title": "Deve acessar o resumo mensal e excluir uma movimentação",
              "fullTitle": "Resumo Mensal Deve acessar o resumo mensal e excluir uma movimentação",
              "timedOut": null,
              "duration": 2464,
              "state": "passed",
              "speed": "fast",
              "pass": true,
              "fail": false,
              "pending": false,
              "context": null,
              "code": "const {\n  mes,\n  ano\n} = (0, _dataUtils.obterMesEAnoAtual)();\ncy.acessarResumoMensal(mes, ano);\ncy.validarSeResumoPossuiMovimentacoes();\ncy.removerPrimeiraMovimentacaoDoResumo();\ncy.validarAlerta('Movimentação removida com sucesso!', 'success');",
              "err": {},
              "uuid": "adbb2989-dff4-4078-af5d-28826d0a5cf7",
              "parentUUID": "9a985526-2eca-4279-aafd-7e9a43f4e5ca",
              "isHook": false,
              "skipped": false
            },
            {
              "title": "Deve acessar o resumo mensal com mês/ano dinâmico",
              "fullTitle": "Resumo Mensal Deve acessar o resumo mensal com mês/ano dinâmico",
              "timedOut": null,
              "duration": 2094,
              "state": "passed",
              "speed": "fast",
              "pass": true,
              "fail": false,
              "pending": false,
              "context": null,
              "code": "const {\n  mes,\n  ano\n} = (0, _dataUtils.obterMesEAnoAtual)();\ncy.filtrarResumoMensal(mes, ano);\ncy.validarSeResumoPossuiMovimentacoes();",
              "err": {},
              "uuid": "6c0b8e7c-210f-4a20-9318-352873125eb0",
              "parentUUID": "9a985526-2eca-4279-aafd-7e9a43f4e5ca",
              "isHook": false,
              "skipped": false
            }
          ],
          "suites": [],
          "passes": [
            "adbb2989-dff4-4078-af5d-28826d0a5cf7",
            "6c0b8e7c-210f-4a20-9318-352873125eb0"
          ],
          "failures": [],
          "pending": [],
          "skipped": [],
          "duration": 4558,
          "root": false,
          "rootEmpty": false,
          "_timeout": 2000
        }
      ],
      "passes": [],
      "failures": [],
      "pending": [],
      "skipped": [],
      "duration": 0,
      "root": true,
      "rootEmpty": true,
      "_timeout": 2000
    }
  ],
  "meta": {
    "mocha": {
      "version": "7.2.0"
    },
    "mochawesome": {
      "options": {
        "quiet": false,
        "reportFilename": "mochawesome",
        "saveHtml": true,
        "saveJson": true,
        "consoleReporter": "spec",
        "useInlineDiffs": false,
        "code": true
      },
      "version": "7.1.3"
    },
    "marge": {
      "options": {
        "reportDir": "cypress/reports",
        "overwrite": false,
        "html": true,
        "json": true
      },
      "version": "6.2.0"
    }
  }
}