{
  "stats": {
    "suites": 1,
    "tests": 4,
    "passes": 4,
    "pending": 0,
    "failures": 0,
    "start": "2025-06-08T19:55:43.976Z",
    "end": "2025-06-08T19:55:50.238Z",
    "duration": 6262,
    "testsRegistered": 4,
    "passPercent": 100,
    "pendingPercent": 0,
    "other": 0,
    "hasOther": false,
    "skipped": 0,
    "hasSkipped": false
  },
  "results": [
    {
      "uuid": "9f30b016-b5dd-4cef-b20a-664a3442aaf7",
      "title": "",
      "fullFile": "cypress/e2e/usuario.cy.js",
      "file": "cypress/e2e/usuario.cy.js",
      "beforeHooks": [],
      "afterHooks": [],
      "tests": [],
      "suites": [
        {
          "uuid": "55f1137f-7b9d-4e4d-ad68-2d935dcf0dcc",
          "title": "Cadastro de Usuários",
          "fullFile": "",
          "file": "",
          "beforeHooks": [],
          "afterHooks": [],
          "tests": [
            {
              "title": "Deve cadastrar um usuário com sucesso",
              "fullTitle": "Cadastro de Usuários Deve cadastrar um usuário com sucesso",
              "timedOut": null,
              "duration": 2012,
              "state": "passed",
              "speed": "fast",
              "pass": true,
              "fail": false,
              "pending": false,
              "context": null,
              "code": "const usuario = (0, _fakeUser.gerarUsuarioFake)();\ncy.cadastrarUsuario(usuario);\ncy.validarAlerta('Usuário inserido com sucesso', 'success');",
              "err": {},
              "uuid": "cc4c0de5-79dd-4583-aad4-761f4c6d680c",
              "parentUUID": "55f1137f-7b9d-4e4d-ad68-2d935dcf0dcc",
              "isHook": false,
              "skipped": false
            },
            {
              "title": "Não deve cadastrar um usuário sem o campo nome",
              "fullTitle": "Cadastro de Usuários Não deve cadastrar um usuário sem o campo nome",
              "timedOut": null,
              "duration": 1442,
              "state": "passed",
              "speed": "fast",
              "pass": true,
              "fail": false,
              "pending": false,
              "context": null,
              "code": "const usuario = (0, _fakeUser.gerarUsuarioFake)({\n  nome: ''\n});\ncy.cadastrarUsuario(usuario);\ncy.validarAlerta('Nome é um campo obrigatório', 'danger');",
              "err": {},
              "uuid": "91797713-3e3d-4cde-8c3c-18a920053aa9",
              "parentUUID": "55f1137f-7b9d-4e4d-ad68-2d935dcf0dcc",
              "isHook": false,
              "skipped": false
            },
            {
              "title": "Nao deve cadastrar um usuário sem o campo email",
              "fullTitle": "Cadastro de Usuários Nao deve cadastrar um usuário sem o campo email",
              "timedOut": null,
              "duration": 1439,
              "state": "passed",
              "speed": "fast",
              "pass": true,
              "fail": false,
              "pending": false,
              "context": null,
              "code": "const usuario = (0, _fakeUser.gerarUsuarioFake)({\n  email: ''\n});\ncy.cadastrarUsuario(usuario);\ncy.validarAlerta('Email é um campo obrigatório', 'danger');",
              "err": {},
              "uuid": "814fdec6-73e0-44e3-95a8-64007d76ff13",
              "parentUUID": "55f1137f-7b9d-4e4d-ad68-2d935dcf0dcc",
              "isHook": false,
              "skipped": false
            },
            {
              "title": "Nao deve cadastrar um usuário sem o campo senha",
              "fullTitle": "Cadastro de Usuários Nao deve cadastrar um usuário sem o campo senha",
              "timedOut": null,
              "duration": 1326,
              "state": "passed",
              "speed": "fast",
              "pass": true,
              "fail": false,
              "pending": false,
              "context": null,
              "code": "const usuario = (0, _fakeUser.gerarUsuarioFake)({\n  senha: ''\n});\ncy.cadastrarUsuario(usuario);\ncy.validarAlerta('Senha é um campo obrigatório', 'danger');",
              "err": {},
              "uuid": "4d19feb1-a815-49eb-bccd-9ebcbb4e5997",
              "parentUUID": "55f1137f-7b9d-4e4d-ad68-2d935dcf0dcc",
              "isHook": false,
              "skipped": false
            }
          ],
          "suites": [],
          "passes": [
            "cc4c0de5-79dd-4583-aad4-761f4c6d680c",
            "91797713-3e3d-4cde-8c3c-18a920053aa9",
            "814fdec6-73e0-44e3-95a8-64007d76ff13",
            "4d19feb1-a815-49eb-bccd-9ebcbb4e5997"
          ],
          "failures": [],
          "pending": [],
          "skipped": [],
          "duration": 6219,
          "root": false,
          "rootEmpty": false,
          "_timeout": 2000
        }
      ],
      "passes": [],
      "failures": [],
      "pending": [],
      "skipped": [],
      "duration": 0,
      "root": true,
      "rootEmpty": true,
      "_timeout": 2000
    }
  ],
  "meta": {
    "mocha": {
      "version": "7.2.0"
    },
    "mochawesome": {
      "options": {
        "quiet": false,
        "reportFilename": "mochawesome",
        "saveHtml": true,
        "saveJson": true,
        "consoleReporter": "spec",
        "useInlineDiffs": false,
        "code": true
      },
      "version": "7.1.3"
    },
    "marge": {
      "options": {
        "reportDir": "cypress/reports",
        "overwrite": false,
        "html": true,
        "json": true
      },
      "version": "6.2.0"
    }
  }
}