{
  "stats": {
    "suites": 1,
    "tests": 4,
    "passes": 4,
    "pending": 0,
    "failures": 0,
    "start": "2025-06-08T20:06:41.603Z",
    "end": "2025-06-08T20:06:53.516Z",
    "duration": 11913,
    "testsRegistered": 4,
    "passPercent": 100,
    "pendingPercent": 0,
    "other": 0,
    "hasOther": false,
    "skipped": 0,
    "hasSkipped": false
  },
  "results": [
    {
      "uuid": "da4f4048-a295-42fb-aefe-13693e6b2029",
      "title": "",
      "fullFile": "cypress/e2e/contas.cy.js",
      "file": "cypress/e2e/contas.cy.js",
      "beforeHooks": [],
      "afterHooks": [],
      "tests": [],
      "suites": [
        {
          "uuid": "0b608225-dd72-4541-b4c8-2bc568d3b0ec",
          "title": "Gestão de Contas",
          "fullFile": "",
          "file": "",
          "beforeHooks": [],
          "afterHooks": [],
          "tests": [
            {
              "title": "Deve cadastrar duas contas com sucesso",
              "fullTitle": "Gestão de Contas Deve cadastrar duas contas com sucesso",
              "timedOut": null,
              "duration": 4113,
              "state": "passed",
              "speed": "fast",
              "pass": true,
              "fail": false,
              "pending": false,
              "context": null,
              "code": "contas.forEach(nomeConta => {\n  cy.acessarMenuConta();\n  cy.adicionarConta();\n  cy.cadastrarConta(nomeConta);\n  cy.validarAlerta('Conta adicionada com sucesso!', 'success');\n});",
              "err": {},
              "uuid": "87e8640c-ef68-42d1-adec-4bcbb5eb7d29",
              "parentUUID": "0b608225-dd72-4541-b4c8-2bc568d3b0ec",
              "isHook": false,
              "skipped": false
            },
            {
              "title": "Deve editar a primeira conta",
              "fullTitle": "Gestão de Contas Deve editar a primeira conta",
              "timedOut": null,
              "duration": 3256,
              "state": "passed",
              "speed": "fast",
              "pass": true,
              "fail": false,
              "pending": false,
              "context": null,
              "code": "const nomeOriginal = contas[0];\ncy.acessarMenuConta();\ncy.adicionarConta();\ncy.cadastrarConta(nomeOriginal);\ncy.acessarMenuConta();\ncy.listarConta();\ncy.editarConta(nomeOriginal);\ncy.cadastrarConta(contaAtualizada);\ncy.validarAlerta('Conta alterada com sucesso!', 'success');",
              "err": {},
              "uuid": "f43271d3-363b-408d-8dfc-fc9165f1713e",
              "parentUUID": "0b608225-dd72-4541-b4c8-2bc568d3b0ec",
              "isHook": false,
              "skipped": false
            },
            {
              "title": "Não deve criar uma conta com nome já existente",
              "fullTitle": "Gestão de Contas Não deve criar uma conta com nome já existente",
              "timedOut": null,
              "duration": 2761,
              "state": "passed",
              "speed": "fast",
              "pass": true,
              "fail": false,
              "pending": false,
              "context": null,
              "code": "const nomeDuplicado = contasFixas.original;\ncy.acessarMenuConta();\ncy.adicionarConta();\ncy.cadastrarConta(nomeDuplicado);\ncy.acessarMenuConta();\ncy.adicionarConta();\ncy.cadastrarConta(nomeDuplicado);\ncy.validarAlerta('Já existe uma conta com esse nome!', 'danger');",
              "err": {},
              "uuid": "d9b0e2d2-59e8-44d1-9bfb-464d3c3b744c",
              "parentUUID": "0b608225-dd72-4541-b4c8-2bc568d3b0ec",
              "isHook": false,
              "skipped": false
            },
            {
              "title": "Não deve remover conta com movimentações vinculadas",
              "fullTitle": "Gestão de Contas Não deve remover conta com movimentações vinculadas",
              "timedOut": null,
              "duration": 1744,
              "state": "passed",
              "speed": "fast",
              "pass": true,
              "fail": false,
              "pending": false,
              "context": null,
              "code": "cy.acessarMenuConta();\ncy.listarConta();\ncy.removerConta(contasFixas.comMovimentacao);\ncy.validarAlerta('Conta em uso na movimentações', 'danger');",
              "err": {},
              "uuid": "22db9364-bfa7-4b82-b9e1-56073bfa66d0",
              "parentUUID": "0b608225-dd72-4541-b4c8-2bc568d3b0ec",
              "isHook": false,
              "skipped": false
            }
          ],
          "suites": [],
          "passes": [
            "87e8640c-ef68-42d1-adec-4bcbb5eb7d29",
            "f43271d3-363b-408d-8dfc-fc9165f1713e",
            "d9b0e2d2-59e8-44d1-9bfb-464d3c3b744c",
            "22db9364-bfa7-4b82-b9e1-56073bfa66d0"
          ],
          "failures": [],
          "pending": [],
          "skipped": [],
          "duration": 11874,
          "root": false,
          "rootEmpty": false,
          "_timeout": 2000
        }
      ],
      "passes": [],
      "failures": [],
      "pending": [],
      "skipped": [],
      "duration": 0,
      "root": true,
      "rootEmpty": true,
      "_timeout": 2000
    }
  ],
  "meta": {
    "mocha": {
      "version": "7.2.0"
    },
    "mochawesome": {
      "options": {
        "quiet": false,
        "reportFilename": "mochawesome",
        "saveHtml": true,
        "saveJson": true,
        "consoleReporter": "spec",
        "useInlineDiffs": false,
        "code": true
      },
      "version": "7.1.3"
    },
    "marge": {
      "options": {
        "reportDir": "cypress/reports",
        "overwrite": false,
        "html": true,
        "json": true
      },
      "version": "6.2.0"
    }
  }
}