{
  "stats": {
    "suites": 1,
    "tests": 3,
    "passes": 3,
    "pending": 0,
    "failures": 0,
    "start": "2025-06-08T19:55:22.282Z",
    "end": "2025-06-08T19:55:34.736Z",
    "duration": 12454,
    "testsRegistered": 3,
    "passPercent": 100,
    "pendingPercent": 0,
    "other": 0,
    "hasOther": false,
    "skipped": 0,
    "hasSkipped": false
  },
  "results": [
    {
      "uuid": "42c1c8d9-6544-493a-8737-520f6398a468",
      "title": "",
      "fullFile": "cypress/e2e/movimentacoes.cy.js",
      "file": "cypress/e2e/movimentacoes.cy.js",
      "beforeHooks": [],
      "afterHooks": [],
      "tests": [],
      "suites": [
        {
          "uuid": "d23c03ce-698e-4d72-9fea-e3518ef2aa8a",
          "title": "Gestão de Movimentações",
          "fullFile": "",
          "file": "",
          "beforeHooks": [],
          "afterHooks": [],
          "tests": [
            {
              "title": "Deve criar uma movimentação de Receita e uma de Despesa",
              "fullTitle": "Gestão de Movimentações Deve criar uma movimentação de Receita e uma de Despesa",
              "timedOut": null,
              "duration": 5783,
              "state": "passed",
              "speed": "medium",
              "pass": true,
              "fail": false,
              "pending": false,
              "context": null,
              "code": "const conta = 'Conta - 99999';\n['Receita', 'Despesa'].forEach(tipo => {\n  const movimentacao = (0, _fakeMovimentacao.gerarMovimentacaoValida)(tipo, conta);\n  cy.criarMovimentacao(movimentacao);\n  cy.validarAlerta('Movimentação adicionada com sucesso!', 'success');\n});",
              "err": {},
              "uuid": "70c97110-f41d-42ef-9b68-77b1562d25f4",
              "parentUUID": "d23c03ce-698e-4d72-9fea-e3518ef2aa8a",
              "isHook": false,
              "skipped": false
            },
            {
              "title": "Não deve permitir criar movimentação com data inválida",
              "fullTitle": "Gestão de Movimentações Não deve permitir criar movimentação com data inválida",
              "timedOut": null,
              "duration": 3511,
              "state": "passed",
              "speed": "fast",
              "pass": true,
              "fail": false,
              "pending": false,
              "context": null,
              "code": "const conta = 'Conta - 99999';\nconst movimentacao = (0, _fakeMovimentacao.gerarMovimentacaoComDataInvalida)(conta);\ncy.criarMovimentacao(movimentacao);\ncy.get('.alert-danger').should('contain', 'Data da Movimentação inválida').and('contain', 'Data do pagamento inválida');",
              "err": {},
              "uuid": "99ace068-a606-4bc6-b8c6-9d16d03bb95c",
              "parentUUID": "d23c03ce-698e-4d72-9fea-e3518ef2aa8a",
              "isHook": false,
              "skipped": false
            },
            {
              "title": "Não deve permitir criar movimentação sem valor",
              "fullTitle": "Gestão de Movimentações Não deve permitir criar movimentação sem valor",
              "timedOut": null,
              "duration": 3132,
              "state": "passed",
              "speed": "fast",
              "pass": true,
              "fail": false,
              "pending": false,
              "context": null,
              "code": "const conta = 'Conta - 99999';\nconst movimentacao = (0, _fakeMovimentacao.gerarMovimentacaoSemValor)(conta);\ncy.criarMovimentacao(movimentacao);\ncy.get('.alert-danger').should('contain', 'Valor é obrigatório').and('contain', 'Valor deve ser um número');",
              "err": {},
              "uuid": "d728e929-5d71-4dc6-a895-30082cb0c19c",
              "parentUUID": "d23c03ce-698e-4d72-9fea-e3518ef2aa8a",
              "isHook": false,
              "skipped": false
            }
          ],
          "suites": [],
          "passes": [
            "70c97110-f41d-42ef-9b68-77b1562d25f4",
            "99ace068-a606-4bc6-b8c6-9d16d03bb95c",
            "d728e929-5d71-4dc6-a895-30082cb0c19c"
          ],
          "failures": [],
          "pending": [],
          "skipped": [],
          "duration": 12426,
          "root": false,
          "rootEmpty": false,
          "_timeout": 2000
        }
      ],
      "passes": [],
      "failures": [],
      "pending": [],
      "skipped": [],
      "duration": 0,
      "root": true,
      "rootEmpty": true,
      "_timeout": 2000
    }
  ],
  "meta": {
    "mocha": {
      "version": "7.2.0"
    },
    "mochawesome": {
      "options": {
        "quiet": false,
        "reportFilename": "mochawesome",
        "saveHtml": true,
        "saveJson": true,
        "consoleReporter": "spec",
        "useInlineDiffs": false,
        "code": true
      },
      "version": "7.1.3"
    },
    "marge": {
      "options": {
        "reportDir": "cypress/reports",
        "overwrite": false,
        "html": true,
        "json": true
      },
      "version": "6.2.0"
    }
  }
}