{
  "stats": {
    "suites": 1,
    "tests": 2,
    "passes": 2,
    "pending": 0,
    "failures": 0,
    "start": "2025-06-08T19:55:08.512Z",
    "end": "2025-06-08T19:55:11.390Z",
    "duration": 2878,
    "testsRegistered": 2,
    "passPercent": 100,
    "pendingPercent": 0,
    "other": 0,
    "hasOther": false,
    "skipped": 0,
    "hasSkipped": false
  },
  "results": [
    {
      "uuid": "e06d84cf-c163-429b-869d-08fbee5882aa",
      "title": "",
      "fullFile": "cypress/e2e/login.cy.js",
      "file": "cypress/e2e/login.cy.js",
      "beforeHooks": [],
      "afterHooks": [],
      "tests": [],
      "suites": [
        {
          "uuid": "64881145-4d51-4bc6-8270-01379730dd87",
          "title": "Login - Seu Barriga",
          "fullFile": "",
          "file": "",
          "beforeHooks": [],
          "afterHooks": [],
          "tests": [
            {
              "title": "Deve realizar login com sucesso",
              "fullTitle": "Login - Seu Barriga Deve realizar login com sucesso",
              "timedOut": null,
              "duration": 1674,
              "state": "passed",
              "speed": "fast",
              "pass": true,
              "fail": false,
              "pending": false,
              "context": null,
              "code": "cy.realizarLogin(Cypress.env('EMAIL'), Cypress.env('PASSWORD'));\ncy.validarAlerta(`Bem vindo, ${Cypress.env('NOME')}!`, 'success');\ncy.realizarLogout();",
              "err": {},
              "uuid": "9f5f2745-ced6-4a28-b42f-ef995b5f76f3",
              "parentUUID": "64881145-4d51-4bc6-8270-01379730dd87",
              "isHook": false,
              "skipped": false
            },
            {
              "title": "Não Deve realizar login com sucesso",
              "fullTitle": "Login - Seu Barriga Não Deve realizar login com sucesso",
              "timedOut": null,
              "duration": 1167,
              "state": "passed",
              "speed": "fast",
              "pass": true,
              "fail": false,
              "pending": false,
              "context": null,
              "code": "const emailFaker = _faker.faker.internet.email();\nconst senhaFaker = _faker.faker.internet.password();\ncy.realizarLogin(emailFaker, senhaFaker);\ncy.validarAlerta('Problemas com o login do usuário', 'danger');",
              "err": {},
              "uuid": "da8ebf18-50fb-4a69-b0f6-f4aff70272e0",
              "parentUUID": "64881145-4d51-4bc6-8270-01379730dd87",
              "isHook": false,
              "skipped": false
            }
          ],
          "suites": [],
          "passes": [
            "9f5f2745-ced6-4a28-b42f-ef995b5f76f3",
            "da8ebf18-50fb-4a69-b0f6-f4aff70272e0"
          ],
          "failures": [],
          "pending": [],
          "skipped": [],
          "duration": 2841,
          "root": false,
          "rootEmpty": false,
          "_timeout": 2000
        }
      ],
      "passes": [],
      "failures": [],
      "pending": [],
      "skipped": [],
      "duration": 0,
      "root": true,
      "rootEmpty": true,
      "_timeout": 2000
    }
  ],
  "meta": {
    "mocha": {
      "version": "7.2.0"
    },
    "mochawesome": {
      "options": {
        "quiet": false,
        "reportFilename": "mochawesome",
        "saveHtml": true,
        "saveJson": true,
        "consoleReporter": "spec",
        "useInlineDiffs": false,
        "code": true
      },
      "version": "7.1.3"
    },
    "marge": {
      "options": {
        "reportDir": "cypress/reports",
        "overwrite": false,
        "html": true,
        "json": true
      },
      "version": "6.2.0"
    }
  }
}