{
  "stats": {
    "suites": 1,
    "tests": 4,
    "passes": 4,
    "pending": 0,
    "failures": 0,
    "start": "2025-06-08T19:54:50.930Z",
    "end": "2025-06-08T19:55:05.057Z",
    "duration": 14127,
    "testsRegistered": 4,
    "passPercent": 100,
    "pendingPercent": 0,
    "other": 0,
    "hasOther": false,
    "skipped": 0,
    "hasSkipped": false
  },
  "results": [
    {
      "uuid": "fa7848a7-3630-425b-9ab7-21764362b71a",
      "title": "",
      "fullFile": "cypress/e2e/contas.cy.js",
      "file": "cypress/e2e/contas.cy.js",
      "beforeHooks": [],
      "afterHooks": [],
      "tests": [],
      "suites": [
        {
          "uuid": "c8b34fe1-2f0c-43e3-9fb0-05fccee71053",
          "title": "Gestão de Contas",
          "fullFile": "",
          "file": "",
          "beforeHooks": [],
          "afterHooks": [],
          "tests": [
            {
              "title": "Deve cadastrar duas contas com sucesso",
              "fullTitle": "Gestão de Contas Deve cadastrar duas contas com sucesso",
              "timedOut": null,
              "duration": 4113,
              "state": "passed",
              "speed": "fast",
              "pass": true,
              "fail": false,
              "pending": false,
              "context": null,
              "code": "contas.forEach(nomeConta => {\n  cy.acessarMenuConta();\n  cy.adicionarConta();\n  cy.cadastrarConta(nomeConta);\n  cy.validarAlerta('Conta adicionada com sucesso!', 'success');\n});",
              "err": {},
              "uuid": "027d1785-b15c-4aac-86b1-63aee57e92fc",
              "parentUUID": "c8b34fe1-2f0c-43e3-9fb0-05fccee71053",
              "isHook": false,
              "skipped": false
            },
            {
              "title": "Deve editar a primeira conta",
              "fullTitle": "Gestão de Contas Deve editar a primeira conta",
              "timedOut": null,
              "duration": 3297,
              "state": "passed",
              "speed": "fast",
              "pass": true,
              "fail": false,
              "pending": false,
              "context": null,
              "code": "const nomeOriginal = contas[0];\ncy.acessarMenuConta();\ncy.adicionarConta();\ncy.cadastrarConta(nomeOriginal);\ncy.acessarMenuConta();\ncy.listarConta();\ncy.editarConta(nomeOriginal);\ncy.cadastrarConta(contaAtualizada);\ncy.validarAlerta('Conta alterada com sucesso!', 'success');",
              "err": {},
              "uuid": "a008b845-28be-41ac-8eae-6b8e712f4951",
              "parentUUID": "c8b34fe1-2f0c-43e3-9fb0-05fccee71053",
              "isHook": false,
              "skipped": false
            },
            {
              "title": "Não deve criar uma conta com nome já existente",
              "fullTitle": "Gestão de Contas Não deve criar uma conta com nome já existente",
              "timedOut": null,
              "duration": 3634,
              "state": "passed",
              "speed": "fast",
              "pass": true,
              "fail": false,
              "pending": false,
              "context": null,
              "code": "const nomeDuplicado = contasFixas.original;\ncy.acessarMenuConta();\ncy.adicionarConta();\ncy.cadastrarConta(nomeDuplicado);\ncy.acessarMenuConta();\ncy.adicionarConta();\ncy.cadastrarConta(nomeDuplicado);\ncy.validarAlerta('Já existe uma conta com esse nome!', 'danger');",
              "err": {},
              "uuid": "8558338b-4215-4e90-915e-fbdd1de7deae",
              "parentUUID": "c8b34fe1-2f0c-43e3-9fb0-05fccee71053",
              "isHook": false,
              "skipped": false
            },
            {
              "title": "Não deve remover conta com movimentações vinculadas",
              "fullTitle": "Gestão de Contas Não deve remover conta com movimentações vinculadas",
              "timedOut": null,
              "duration": 3033,
              "state": "passed",
              "speed": "fast",
              "pass": true,
              "fail": false,
              "pending": false,
              "context": null,
              "code": "cy.acessarMenuConta();\ncy.listarConta();\ncy.removerConta(contasFixas.comMovimentacao);\ncy.validarAlerta('Conta em uso na movimentações', 'danger');",
              "err": {},
              "uuid": "876748c1-b3e0-4d68-bd7d-e37765011899",
              "parentUUID": "c8b34fe1-2f0c-43e3-9fb0-05fccee71053",
              "isHook": false,
              "skipped": false
            }
          ],
          "suites": [],
          "passes": [
            "027d1785-b15c-4aac-86b1-63aee57e92fc",
            "a008b845-28be-41ac-8eae-6b8e712f4951",
            "8558338b-4215-4e90-915e-fbdd1de7deae",
            "876748c1-b3e0-4d68-bd7d-e37765011899"
          ],
          "failures": [],
          "pending": [],
          "skipped": [],
          "duration": 14077,
          "root": false,
          "rootEmpty": false,
          "_timeout": 2000
        }
      ],
      "passes": [],
      "failures": [],
      "pending": [],
      "skipped": [],
      "duration": 0,
      "root": true,
      "rootEmpty": true,
      "_timeout": 2000
    }
  ],
  "meta": {
    "mocha": {
      "version": "7.2.0"
    },
    "mochawesome": {
      "options": {
        "quiet": false,
        "reportFilename": "mochawesome",
        "saveHtml": true,
        "saveJson": true,
        "consoleReporter": "spec",
        "useInlineDiffs": false,
        "code": true
      },
      "version": "7.1.3"
    },
    "marge": {
      "options": {
        "reportDir": "cypress/reports",
        "overwrite": false,
        "html": true,
        "json": true
      },
      "version": "6.2.0"
    }
  }
}