{
  "stats": {
    "suites": 1,
    "tests": 2,
    "passes": 2,
    "pending": 0,
    "failures": 0,
    "start": "2025-06-08T20:06:56.602Z",
    "end": "2025-06-08T20:06:59.376Z",
    "duration": 2774,
    "testsRegistered": 2,
    "passPercent": 100,
    "pendingPercent": 0,
    "other": 0,
    "hasOther": false,
    "skipped": 0,
    "hasSkipped": false
  },
  "results": [
    {
      "uuid": "ea2f32d2-cdea-421f-8162-b44fc4482a8c",
      "title": "",
      "fullFile": "cypress/e2e/login.cy.js",
      "file": "cypress/e2e/login.cy.js",
      "beforeHooks": [],
      "afterHooks": [],
      "tests": [],
      "suites": [
        {
          "uuid": "7a4ca404-fc8a-472e-9d70-daf1f10b0c7d",
          "title": "Login - Seu Barriga",
          "fullFile": "",
          "file": "",
          "beforeHooks": [],
          "afterHooks": [],
          "tests": [
            {
              "title": "Deve realizar login com sucesso",
              "fullTitle": "Login - Seu Barriga Deve realizar login com sucesso",
              "timedOut": null,
              "duration": 1630,
              "state": "passed",
              "speed": "fast",
              "pass": true,
              "fail": false,
              "pending": false,
              "context": null,
              "code": "cy.realizarLogin(Cypress.env('EMAIL'), Cypress.env('PASSWORD'));\ncy.validarAlerta(`Bem vindo, ${Cypress.env('NOME')}!`, 'success');\ncy.realizarLogout();",
              "err": {},
              "uuid": "8cafe528-d0f0-4725-bd60-146d7c9c7261",
              "parentUUID": "7a4ca404-fc8a-472e-9d70-daf1f10b0c7d",
              "isHook": false,
              "skipped": false
            },
            {
              "title": "Não Deve realizar login com sucesso",
              "fullTitle": "Login - Seu Barriga Não Deve realizar login com sucesso",
              "timedOut": null,
              "duration": 1130,
              "state": "passed",
              "speed": "fast",
              "pass": true,
              "fail": false,
              "pending": false,
              "context": null,
              "code": "const emailFaker = _faker.faker.internet.email();\nconst senhaFaker = _faker.faker.internet.password();\ncy.realizarLogin(emailFaker, senhaFaker);\ncy.validarAlerta('Problemas com o login do usuário', 'danger');",
              "err": {},
              "uuid": "20b25f48-f6b4-46e2-be38-29eabddc71db",
              "parentUUID": "7a4ca404-fc8a-472e-9d70-daf1f10b0c7d",
              "isHook": false,
              "skipped": false
            }
          ],
          "suites": [],
          "passes": [
            "8cafe528-d0f0-4725-bd60-146d7c9c7261",
            "20b25f48-f6b4-46e2-be38-29eabddc71db"
          ],
          "failures": [],
          "pending": [],
          "skipped": [],
          "duration": 2760,
          "root": false,
          "rootEmpty": false,
          "_timeout": 2000
        }
      ],
      "passes": [],
      "failures": [],
      "pending": [],
      "skipped": [],
      "duration": 0,
      "root": true,
      "rootEmpty": true,
      "_timeout": 2000
    }
  ],
  "meta": {
    "mocha": {
      "version": "7.2.0"
    },
    "mochawesome": {
      "options": {
        "quiet": false,
        "reportFilename": "mochawesome",
        "saveHtml": true,
        "saveJson": true,
        "consoleReporter": "spec",
        "useInlineDiffs": false,
        "code": true
      },
      "version": "7.1.3"
    },
    "marge": {
      "options": {
        "reportDir": "cypress/reports",
        "overwrite": false,
        "html": true,
        "json": true
      },
      "version": "6.2.0"
    }
  }
}