{
  "stats": {
    "suites": 6,
    "tests": 16,
    "passes": 16,
    "pending": 0,
    "failures": 0,
    "testsRegistered": 16,
    "passPercent": 100,
    "pendingPercent": 0,
    "other": 0,
    "hasOther": false,
    "skipped": 0,
    "hasSkipped": false,
    "start": "2025-06-08T20:06:41.603Z",
    "end": "2025-06-08T20:07:37.354Z",
    "duration": 55751
  },
  "results": [
    {
      "uuid": "da4f4048-a295-42fb-aefe-13693e6b2029",
      "title": "",
      "fullFile": "cypress/e2e/contas.cy.js",
      "file": "cypress/e2e/contas.cy.js",
      "beforeHooks": [],
      "afterHooks": [],
      "tests": [],
      "suites": [
        {
          "uuid": "0b608225-dd72-4541-b4c8-2bc568d3b0ec",
          "title": "Gestão de Contas",
          "fullFile": "",
          "file": "",
          "beforeHooks": [],
          "afterHooks": [],
          "tests": [
            {
              "title": "Deve cadastrar duas contas com sucesso",
              "fullTitle": "Gestão de Contas Deve cadastrar duas contas com sucesso",
              "timedOut": null,
              "duration": 4113,
              "state": "passed",
              "speed": "fast",
              "pass": true,
              "fail": false,
              "pending": false,
              "context": null,
              "code": "contas.forEach(nomeConta => {\n  cy.acessarMenuConta();\n  cy.adicionarConta();\n  cy.cadastrarConta(nomeConta);\n  cy.validarAlerta('Conta adicionada com sucesso!', 'success');\n});",
              "err": {},
              "uuid": "87e8640c-ef68-42d1-adec-4bcbb5eb7d29",
              "parentUUID": "0b608225-dd72-4541-b4c8-2bc568d3b0ec",
              "isHook": false,
              "skipped": false
            },
            {
              "title": "Deve editar a primeira conta",
              "fullTitle": "Gestão de Contas Deve editar a primeira conta",
              "timedOut": null,
              "duration": 3256,
              "state": "passed",
              "speed": "fast",
              "pass": true,
              "fail": false,
              "pending": false,
              "context": null,
              "code": "const nomeOriginal = contas[0];\ncy.acessarMenuConta();\ncy.adicionarConta();\ncy.cadastrarConta(nomeOriginal);\ncy.acessarMenuConta();\ncy.listarConta();\ncy.editarConta(nomeOriginal);\ncy.cadastrarConta(contaAtualizada);\ncy.validarAlerta('Conta alterada com sucesso!', 'success');",
              "err": {},
              "uuid": "f43271d3-363b-408d-8dfc-fc9165f1713e",
              "parentUUID": "0b608225-dd72-4541-b4c8-2bc568d3b0ec",
              "isHook": false,
              "skipped": false
            },
            {
              "title": "Não deve criar uma conta com nome já existente",
              "fullTitle": "Gestão de Contas Não deve criar uma conta com nome já existente",
              "timedOut": null,
              "duration": 2761,
              "state": "passed",
              "speed": "fast",
              "pass": true,
              "fail": false,
              "pending": false,
              "context": null,
              "code": "const nomeDuplicado = contasFixas.original;\ncy.acessarMenuConta();\ncy.adicionarConta();\ncy.cadastrarConta(nomeDuplicado);\ncy.acessarMenuConta();\ncy.adicionarConta();\ncy.cadastrarConta(nomeDuplicado);\ncy.validarAlerta('Já existe uma conta com esse nome!', 'danger');",
              "err": {},
              "uuid": "d9b0e2d2-59e8-44d1-9bfb-464d3c3b744c",
              "parentUUID": "0b608225-dd72-4541-b4c8-2bc568d3b0ec",
              "isHook": false,
              "skipped": false
            },
            {
              "title": "Não deve remover conta com movimentações vinculadas",
              "fullTitle": "Gestão de Contas Não deve remover conta com movimentações vinculadas",
              "timedOut": null,
              "duration": 1744,
              "state": "passed",
              "speed": "fast",
              "pass": true,
              "fail": false,
              "pending": false,
              "context": null,
              "code": "cy.acessarMenuConta();\ncy.listarConta();\ncy.removerConta(contasFixas.comMovimentacao);\ncy.validarAlerta('Conta em uso na movimentações', 'danger');",
              "err": {},
              "uuid": "22db9364-bfa7-4b82-b9e1-56073bfa66d0",
              "parentUUID": "0b608225-dd72-4541-b4c8-2bc568d3b0ec",
              "isHook": false,
              "skipped": false
            }
          ],
          "suites": [],
          "passes": [
            "87e8640c-ef68-42d1-adec-4bcbb5eb7d29",
            "f43271d3-363b-408d-8dfc-fc9165f1713e",
            "d9b0e2d2-59e8-44d1-9bfb-464d3c3b744c",
            "22db9364-bfa7-4b82-b9e1-56073bfa66d0"
          ],
          "failures": [],
          "pending": [],
          "skipped": [],
          "duration": 11874,
          "root": false,
          "rootEmpty": false,
          "_timeout": 2000
        }
      ],
      "passes": [],
      "failures": [],
      "pending": [],
      "skipped": [],
      "duration": 0,
      "root": true,
      "rootEmpty": true,
      "_timeout": 2000
    },
    {
      "uuid": "ea2f32d2-cdea-421f-8162-b44fc4482a8c",
      "title": "",
      "fullFile": "cypress/e2e/login.cy.js",
      "file": "cypress/e2e/login.cy.js",
      "beforeHooks": [],
      "afterHooks": [],
      "tests": [],
      "suites": [
        {
          "uuid": "7a4ca404-fc8a-472e-9d70-daf1f10b0c7d",
          "title": "Login - Seu Barriga",
          "fullFile": "",
          "file": "",
          "beforeHooks": [],
          "afterHooks": [],
          "tests": [
            {
              "title": "Deve realizar login com sucesso",
              "fullTitle": "Login - Seu Barriga Deve realizar login com sucesso",
              "timedOut": null,
              "duration": 1630,
              "state": "passed",
              "speed": "fast",
              "pass": true,
              "fail": false,
              "pending": false,
              "context": null,
              "code": "cy.realizarLogin(Cypress.env('EMAIL'), Cypress.env('PASSWORD'));\ncy.validarAlerta(`Bem vindo, ${Cypress.env('NOME')}!`, 'success');\ncy.realizarLogout();",
              "err": {},
              "uuid": "8cafe528-d0f0-4725-bd60-146d7c9c7261",
              "parentUUID": "7a4ca404-fc8a-472e-9d70-daf1f10b0c7d",
              "isHook": false,
              "skipped": false
            },
            {
              "title": "Não Deve realizar login com sucesso",
              "fullTitle": "Login - Seu Barriga Não Deve realizar login com sucesso",
              "timedOut": null,
              "duration": 1130,
              "state": "passed",
              "speed": "fast",
              "pass": true,
              "fail": false,
              "pending": false,
              "context": null,
              "code": "const emailFaker = _faker.faker.internet.email();\nconst senhaFaker = _faker.faker.internet.password();\ncy.realizarLogin(emailFaker, senhaFaker);\ncy.validarAlerta('Problemas com o login do usuário', 'danger');",
              "err": {},
              "uuid": "20b25f48-f6b4-46e2-be38-29eabddc71db",
              "parentUUID": "7a4ca404-fc8a-472e-9d70-daf1f10b0c7d",
              "isHook": false,
              "skipped": false
            }
          ],
          "suites": [],
          "passes": [
            "8cafe528-d0f0-4725-bd60-146d7c9c7261",
            "20b25f48-f6b4-46e2-be38-29eabddc71db"
          ],
          "failures": [],
          "pending": [],
          "skipped": [],
          "duration": 2760,
          "root": false,
          "rootEmpty": false,
          "_timeout": 2000
        }
      ],
      "passes": [],
      "failures": [],
      "pending": [],
      "skipped": [],
      "duration": 0,
      "root": true,
      "rootEmpty": true,
      "_timeout": 2000
    },
    {
      "uuid": "762002da-3140-43c9-b3b1-5ed8c73287dc",
      "title": "",
      "fullFile": "cypress/e2e/loginFluxo.cy.js",
      "file": "cypress/e2e/loginFluxo.cy.js",
      "beforeHooks": [],
      "afterHooks": [],
      "tests": [],
      "suites": [
        {
          "uuid": "267284e4-f260-45c5-85fd-4f48b6b6d78d",
          "title": "Fluxo completo de Login e cadastro de usuário",
          "fullFile": "",
          "file": "",
          "beforeHooks": [],
          "afterHooks": [],
          "tests": [
            {
              "title": "Deve validar o fluxo completo: cadastro, erro de login e login com sucesso",
              "fullTitle": "Fluxo completo de Login e cadastro de usuário Deve validar o fluxo completo: cadastro, erro de login e login com sucesso",
              "timedOut": null,
              "duration": 4633,
              "state": "passed",
              "speed": "fast",
              "pass": true,
              "fail": false,
              "pending": false,
              "context": null,
              "code": "const usuario = (0, _fakeUser.gerarUsuarioFake)();\n// Login com usuário não cadastrado\ncy.realizarLogin(usuario.email, usuario.senha);\ncy.validarAlerta('Problemas com o login do usuário', 'danger');\n// Cadastro de usuário\ncy.cadastrarUsuario(usuario);\ncy.validarAlerta('Usuário inserido com sucesso', 'success');\n// Login com sucesso\ncy.realizarLogin(usuario.email, usuario.senha);\ncy.validarAlerta(`Bem vindo, ${usuario.nome}!`, 'success');\ncy.realizarLogout();",
              "err": {},
              "uuid": "18ef227a-26d8-49e7-ad01-4f35a1d4b1f5",
              "parentUUID": "267284e4-f260-45c5-85fd-4f48b6b6d78d",
              "isHook": false,
              "skipped": false
            }
          ],
          "suites": [],
          "passes": [
            "18ef227a-26d8-49e7-ad01-4f35a1d4b1f5"
          ],
          "failures": [],
          "pending": [],
          "skipped": [],
          "duration": 4633,
          "root": false,
          "rootEmpty": false,
          "_timeout": 2000
        }
      ],
      "passes": [],
      "failures": [],
      "pending": [],
      "skipped": [],
      "duration": 0,
      "root": true,
      "rootEmpty": true,
      "_timeout": 2000
    },
    {
      "uuid": "07db57df-4022-447f-a0a4-af6a3126a47c",
      "title": "",
      "fullFile": "cypress/e2e/movimentacoes.cy.js",
      "file": "cypress/e2e/movimentacoes.cy.js",
      "beforeHooks": [],
      "afterHooks": [],
      "tests": [],
      "suites": [
        {
          "uuid": "a20a24c1-a411-4fdd-b7c0-be86902a2dee",
          "title": "Gestão de Movimentações",
          "fullFile": "",
          "file": "",
          "beforeHooks": [],
          "afterHooks": [],
          "tests": [
            {
              "title": "Deve criar uma movimentação de Receita e uma de Despesa",
              "fullTitle": "Gestão de Movimentações Deve criar uma movimentação de Receita e uma de Despesa",
              "timedOut": null,
              "duration": 5620,
              "state": "passed",
              "speed": "medium",
              "pass": true,
              "fail": false,
              "pending": false,
              "context": null,
              "code": "const conta = 'Conta - 99999';\n['Receita', 'Despesa'].forEach(tipo => {\n  const movimentacao = (0, _fakeMovimentacao.gerarMovimentacaoValida)(tipo, conta);\n  cy.criarMovimentacao(movimentacao);\n  cy.validarAlerta('Movimentação adicionada com sucesso!', 'success');\n});",
              "err": {},
              "uuid": "cfb04b36-f1be-45da-8726-784cd53f1f8a",
              "parentUUID": "a20a24c1-a411-4fdd-b7c0-be86902a2dee",
              "isHook": false,
              "skipped": false
            },
            {
              "title": "Não deve permitir criar movimentação com data inválida",
              "fullTitle": "Gestão de Movimentações Não deve permitir criar movimentação com data inválida",
              "timedOut": null,
              "duration": 3239,
              "state": "passed",
              "speed": "fast",
              "pass": true,
              "fail": false,
              "pending": false,
              "context": null,
              "code": "const conta = 'Conta - 99999';\nconst movimentacao = (0, _fakeMovimentacao.gerarMovimentacaoComDataInvalida)(conta);\ncy.criarMovimentacao(movimentacao);\ncy.get('.alert-danger').should('contain', 'Data da Movimentação inválida').and('contain', 'Data do pagamento inválida');",
              "err": {},
              "uuid": "d01ce04c-3069-42eb-96d6-354827f9bc4e",
              "parentUUID": "a20a24c1-a411-4fdd-b7c0-be86902a2dee",
              "isHook": false,
              "skipped": false
            },
            {
              "title": "Não deve permitir criar movimentação sem valor",
              "fullTitle": "Gestão de Movimentações Não deve permitir criar movimentação sem valor",
              "timedOut": null,
              "duration": 3167,
              "state": "passed",
              "speed": "fast",
              "pass": true,
              "fail": false,
              "pending": false,
              "context": null,
              "code": "const conta = 'Conta - 99999';\nconst movimentacao = (0, _fakeMovimentacao.gerarMovimentacaoSemValor)(conta);\ncy.criarMovimentacao(movimentacao);\ncy.get('.alert-danger').should('contain', 'Valor é obrigatório').and('contain', 'Valor deve ser um número');",
              "err": {},
              "uuid": "af03c934-93db-4777-8b83-c03fa47cd1e0",
              "parentUUID": "a20a24c1-a411-4fdd-b7c0-be86902a2dee",
              "isHook": false,
              "skipped": false
            }
          ],
          "suites": [],
          "passes": [
            "cfb04b36-f1be-45da-8726-784cd53f1f8a",
            "d01ce04c-3069-42eb-96d6-354827f9bc4e",
            "af03c934-93db-4777-8b83-c03fa47cd1e0"
          ],
          "failures": [],
          "pending": [],
          "skipped": [],
          "duration": 12026,
          "root": false,
          "rootEmpty": false,
          "_timeout": 2000
        }
      ],
      "passes": [],
      "failures": [],
      "pending": [],
      "skipped": [],
      "duration": 0,
      "root": true,
      "rootEmpty": true,
      "_timeout": 2000
    },
    {
      "uuid": "51268fd0-5c84-4bf9-8acd-2fb0f9f35271",
      "title": "",
      "fullFile": "cypress/e2e/resumoMensal.cy.js",
      "file": "cypress/e2e/resumoMensal.cy.js",
      "beforeHooks": [],
      "afterHooks": [],
      "tests": [],
      "suites": [
        {
          "uuid": "2c6f9f22-3f41-4b7a-ba54-14afb5d52d08",
          "title": "Resumo Mensal",
          "fullFile": "",
          "file": "",
          "beforeHooks": [],
          "afterHooks": [],
          "tests": [
            {
              "title": "Deve acessar o resumo mensal e excluir uma movimentação",
              "fullTitle": "Resumo Mensal Deve acessar o resumo mensal e excluir uma movimentação",
              "timedOut": null,
              "duration": 2413,
              "state": "passed",
              "speed": "fast",
              "pass": true,
              "fail": false,
              "pending": false,
              "context": null,
              "code": "const {\n  mes,\n  ano\n} = (0, _dataUtils.obterMesEAnoAtual)();\ncy.acessarResumoMensal(mes, ano);\ncy.validarSeResumoPossuiMovimentacoes();\ncy.removerPrimeiraMovimentacaoDoResumo();\ncy.validarAlerta('Movimentação removida com sucesso!', 'success');",
              "err": {},
              "uuid": "e28b91cf-c90a-45cd-ad83-7360f32e0f3b",
              "parentUUID": "2c6f9f22-3f41-4b7a-ba54-14afb5d52d08",
              "isHook": false,
              "skipped": false
            },
            {
              "title": "Deve acessar o resumo mensal com mês/ano dinâmico",
              "fullTitle": "Resumo Mensal Deve acessar o resumo mensal com mês/ano dinâmico",
              "timedOut": null,
              "duration": 2098,
              "state": "passed",
              "speed": "fast",
              "pass": true,
              "fail": false,
              "pending": false,
              "context": null,
              "code": "const {\n  mes,\n  ano\n} = (0, _dataUtils.obterMesEAnoAtual)();\ncy.filtrarResumoMensal(mes, ano);\ncy.validarSeResumoPossuiMovimentacoes();",
              "err": {},
              "uuid": "623d5852-b8bb-40d3-8e30-3f3b0ce5b920",
              "parentUUID": "2c6f9f22-3f41-4b7a-ba54-14afb5d52d08",
              "isHook": false,
              "skipped": false
            }
          ],
          "suites": [],
          "passes": [
            "e28b91cf-c90a-45cd-ad83-7360f32e0f3b",
            "623d5852-b8bb-40d3-8e30-3f3b0ce5b920"
          ],
          "failures": [],
          "pending": [],
          "skipped": [],
          "duration": 4511,
          "root": false,
          "rootEmpty": false,
          "_timeout": 2000
        }
      ],
      "passes": [],
      "failures": [],
      "pending": [],
      "skipped": [],
      "duration": 0,
      "root": true,
      "rootEmpty": true,
      "_timeout": 2000
    },
    {
      "uuid": "0a437121-c1a0-4170-857b-274efd3cd1ca",
      "title": "",
      "fullFile": "cypress/e2e/usuario.cy.js",
      "file": "cypress/e2e/usuario.cy.js",
      "beforeHooks": [],
      "afterHooks": [],
      "tests": [],
      "suites": [
        {
          "uuid": "066bdfc6-fe38-44e0-898c-07f464855773",
          "title": "Cadastro de Usuários",
          "fullFile": "",
          "file": "",
          "beforeHooks": [],
          "afterHooks": [],
          "tests": [
            {
              "title": "Deve cadastrar um usuário com sucesso",
              "fullTitle": "Cadastro de Usuários Deve cadastrar um usuário com sucesso",
              "timedOut": null,
              "duration": 2203,
              "state": "passed",
              "speed": "fast",
              "pass": true,
              "fail": false,
              "pending": false,
              "context": null,
              "code": "const usuario = (0, _fakeUser.gerarUsuarioFake)();\ncy.cadastrarUsuario(usuario);\ncy.validarAlerta('Usuário inserido com sucesso', 'success');",
              "err": {},
              "uuid": "d35d35ec-72de-4c6d-94ac-0ad29906d8ab",
              "parentUUID": "066bdfc6-fe38-44e0-898c-07f464855773",
              "isHook": false,
              "skipped": false
            },
            {
              "title": "Não deve cadastrar um usuário sem o campo nome",
              "fullTitle": "Cadastro de Usuários Não deve cadastrar um usuário sem o campo nome",
              "timedOut": null,
              "duration": 1339,
              "state": "passed",
              "speed": "fast",
              "pass": true,
              "fail": false,
              "pending": false,
              "context": null,
              "code": "const usuario = (0, _fakeUser.gerarUsuarioFake)({\n  nome: ''\n});\ncy.cadastrarUsuario(usuario);\ncy.validarAlerta('Nome é um campo obrigatório', 'danger');",
              "err": {},
              "uuid": "905f7cd8-bdd6-438b-8a29-958c5aa3320e",
              "parentUUID": "066bdfc6-fe38-44e0-898c-07f464855773",
              "isHook": false,
              "skipped": false
            },
            {
              "title": "Nao deve cadastrar um usuário sem o campo email",
              "fullTitle": "Cadastro de Usuários Nao deve cadastrar um usuário sem o campo email",
              "timedOut": null,
              "duration": 1286,
              "state": "passed",
              "speed": "fast",
              "pass": true,
              "fail": false,
              "pending": false,
              "context": null,
              "code": "const usuario = (0, _fakeUser.gerarUsuarioFake)({\n  email: ''\n});\ncy.cadastrarUsuario(usuario);\ncy.validarAlerta('Email é um campo obrigatório', 'danger');",
              "err": {},
              "uuid": "618555d4-98dd-486c-aa1c-407b76a0cc22",
              "parentUUID": "066bdfc6-fe38-44e0-898c-07f464855773",
              "isHook": false,
              "skipped": false
            },
            {
              "title": "Nao deve cadastrar um usuário sem o campo senha",
              "fullTitle": "Cadastro de Usuários Nao deve cadastrar um usuário sem o campo senha",
              "timedOut": null,
              "duration": 1323,
              "state": "passed",
              "speed": "fast",
              "pass": true,
              "fail": false,
              "pending": false,
              "context": null,
              "code": "const usuario = (0, _fakeUser.gerarUsuarioFake)({\n  senha: ''\n});\ncy.cadastrarUsuario(usuario);\ncy.validarAlerta('Senha é um campo obrigatório', 'danger');",
              "err": {},
              "uuid": "2be4bf9f-7f25-44f3-b3b2-eb03be3b4d02",
              "parentUUID": "066bdfc6-fe38-44e0-898c-07f464855773",
              "isHook": false,
              "skipped": false
            }
          ],
          "suites": [],
          "passes": [
            "d35d35ec-72de-4c6d-94ac-0ad29906d8ab",
            "905f7cd8-bdd6-438b-8a29-958c5aa3320e",
            "618555d4-98dd-486c-aa1c-407b76a0cc22",
            "2be4bf9f-7f25-44f3-b3b2-eb03be3b4d02"
          ],
          "failures": [],
          "pending": [],
          "skipped": [],
          "duration": 6151,
          "root": false,
          "rootEmpty": false,
          "_timeout": 2000
        }
      ],
      "passes": [],
      "failures": [],
      "pending": [],
      "skipped": [],
      "duration": 0,
      "root": true,
      "rootEmpty": true,
      "_timeout": 2000
    }
  ],
  "meta": {
    "mocha": {
      "version": "7.2.0"
    },
    "mochawesome": {
      "options": {
        "quiet": false,
        "reportFilename": "mochawesome",
        "saveHtml": true,
        "saveJson": true,
        "consoleReporter": "spec",
        "useInlineDiffs": false,
        "code": true
      },
      "version": "7.1.3"
    },
    "marge": {
      "options": {
        "reportDir": "cypress/reports",
        "overwrite": false,
        "html": true,
        "json": true
      },
      "version": "6.2.0"
    }
  }
}